  [1m[35m (513.7ms)[0m  [1m[35mCREATE DATABASE "authenticate_me_development" ENCODING = 'unicode'[0m
  [1m[35m (435.4ms)[0m  [1m[35mCREATE DATABASE "authenticate_me_test" ENCODING = 'unicode'[0m
  [1m[35m (32.5ms)[0m  [1m[35mCREATE TABLE "schema_migrations" ("version" character varying NOT NULL PRIMARY KEY)[0m
  [1m[35m (22.5ms)[0m  [1m[35mCREATE TABLE "ar_internal_metadata" ("key" character varying NOT NULL PRIMARY KEY, "value" character varying, "created_at" timestamp(6) NOT NULL, "updated_at" timestamp(6) NOT NULL)[0m
  [1m[35m (1.2ms)[0m  [1m[34mSELECT pg_try_advisory_lock(5498533444808527725)[0m
  [1m[36mActiveRecord::SchemaMigration Pluck (1.5ms)[0m  [1m[34mSELECT "schema_migrations"."version" FROM "schema_migrations" ORDER BY "schema_migrations"."version" ASC[0m
Migrating to CreateUsers (20230522234426)
  [1m[36mTRANSACTION (0.7ms)[0m  [1m[35mBEGIN[0m
  [1m[35m (26.6ms)[0m  [1m[35mCREATE TABLE "users" ("id" bigserial primary key, "email" character varying NOT NULL, "username" character varying NOT NULL, "password_digest" character varying NOT NULL, "session_token" character varying NOT NULL, "created_at" timestamp(6) NOT NULL, "updated_at" timestamp(6) NOT NULL)[0m
  [1m[35m (9.4ms)[0m  [1m[35mCREATE UNIQUE INDEX "index_users_on_email" ON "users" ("email")[0m
  [1m[35m (8.7ms)[0m  [1m[35mCREATE UNIQUE INDEX "index_users_on_username" ON "users" ("username")[0m
  [1m[35m (9.8ms)[0m  [1m[35mCREATE UNIQUE INDEX "index_users_on_session_token" ON "users" ("session_token")[0m
  [1m[36mActiveRecord::SchemaMigration Create (2.0ms)[0m  [1m[32mINSERT INTO "schema_migrations" ("version") VALUES ($1) RETURNING "version"[0m  [["version", "20230522234426"]]
  [1m[36mTRANSACTION (3.9ms)[0m  [1m[35mCOMMIT[0m
  [1m[36mActiveRecord::InternalMetadata Load (1.2ms)[0m  [1m[34mSELECT "ar_internal_metadata".* FROM "ar_internal_metadata" WHERE "ar_internal_metadata"."key" = $1 LIMIT $2[0m  [["key", "environment"], ["LIMIT", 1]]
  [1m[36mTRANSACTION (0.7ms)[0m  [1m[35mBEGIN[0m
  [1m[36mActiveRecord::InternalMetadata Create (2.2ms)[0m  [1m[32mINSERT INTO "ar_internal_metadata" ("key", "value", "created_at", "updated_at") VALUES ($1, $2, $3, $4) RETURNING "key"[0m  [["key", "environment"], ["value", "development"], ["created_at", "2023-05-22 23:46:18.807172"], ["updated_at", "2023-05-22 23:46:18.807172"]]
  [1m[36mTRANSACTION (3.6ms)[0m  [1m[35mCOMMIT[0m
  [1m[35m (1.1ms)[0m  [1m[34mSELECT pg_advisory_unlock(5498533444808527725)[0m
  [1m[36mActiveRecord::SchemaMigration Pluck (1.8ms)[0m  [1m[34mSELECT "schema_migrations"."version" FROM "schema_migrations" ORDER BY "schema_migrations"."version" ASC[0m
  [1m[36mUser Exists? (2.1ms)[0m  [1m[34mSELECT 1 AS one FROM "users" WHERE "users"."username" IS NULL LIMIT $1[0m  [["LIMIT", 1]]
  [1m[36mUser Exists? (1.2ms)[0m  [1m[34mSELECT 1 AS one FROM "users" WHERE "users"."email" IS NULL LIMIT $1[0m  [["LIMIT", 1]]
  [1m[36mUser Exists? (1.3ms)[0m  [1m[34mSELECT 1 AS one FROM "users" WHERE "users"."session_token" IS NULL LIMIT $1[0m  [["LIMIT", 1]]
  [1m[36mUser Exists? (2.0ms)[0m  [1m[34mSELECT 1 AS one FROM "users" WHERE "users"."session_token" = $1 LIMIT $2[0m  [["session_token", "[FILTERED]"], ["LIMIT", 1]]
  [1m[36mUser Exists? (1.1ms)[0m  [1m[34mSELECT 1 AS one FROM "users" WHERE "users"."username" IS NULL LIMIT $1[0m  [["LIMIT", 1]]
  [1m[36mUser Exists? (1.1ms)[0m  [1m[34mSELECT 1 AS one FROM "users" WHERE "users"."email" IS NULL LIMIT $1[0m  [["LIMIT", 1]]
  [1m[36mUser Exists? (1.3ms)[0m  [1m[34mSELECT 1 AS one FROM "users" WHERE "users"."session_token" = $1 LIMIT $2[0m  [["session_token", "[FILTERED]"], ["LIMIT", 1]]
  [1m[36mUser Exists? (0.9ms)[0m  [1m[34mSELECT 1 AS one FROM "users" WHERE "users"."session_token" = $1 LIMIT $2[0m  [["session_token", "[FILTERED]"], ["LIMIT", 1]]
  [1m[36mUser Exists? (0.7ms)[0m  [1m[34mSELECT 1 AS one FROM "users" WHERE "users"."username" IS NULL LIMIT $1[0m  [["LIMIT", 1]]
  [1m[36mUser Exists? (0.7ms)[0m  [1m[34mSELECT 1 AS one FROM "users" WHERE "users"."email" IS NULL LIMIT $1[0m  [["LIMIT", 1]]
  [1m[36mUser Exists? (0.7ms)[0m  [1m[34mSELECT 1 AS one FROM "users" WHERE "users"."session_token" = $1 LIMIT $2[0m  [["session_token", "[FILTERED]"], ["LIMIT", 1]]
  [1m[36mUser Load (1.2ms)[0m  [1m[34mSELECT "users".* FROM "users"[0m
  [1m[36mTRANSACTION (0.7ms)[0m  [1m[35mBEGIN[0m
  [1m[36mUser Exists? (1.5ms)[0m  [1m[34mSELECT 1 AS one FROM "users" WHERE "users"."session_token" = $1 LIMIT $2[0m  [["session_token", "[FILTERED]"], ["LIMIT", 1]]
  [1m[36mUser Exists? (1.6ms)[0m  [1m[34mSELECT 1 AS one FROM "users" WHERE "users"."username" = $1 LIMIT $2[0m  [["username", "usr"], ["LIMIT", 1]]
  [1m[36mUser Exists? (1.1ms)[0m  [1m[34mSELECT 1 AS one FROM "users" WHERE "users"."email" = $1 LIMIT $2[0m  [["email", "usr@email.io"], ["LIMIT", 1]]
  [1m[36mUser Exists? (1.3ms)[0m  [1m[34mSELECT 1 AS one FROM "users" WHERE "users"."session_token" = $1 LIMIT $2[0m  [["session_token", "[FILTERED]"], ["LIMIT", 1]]
  [1m[36mUser Create (3.3ms)[0m  [1m[32mINSERT INTO "users" ("email", "username", "password_digest", "session_token", "created_at", "updated_at") VALUES ($1, $2, $3, $4, $5, $6) RETURNING "id"[0m  [["email", "usr@email.io"], ["username", "usr"], ["password_digest", "[FILTERED]"], ["session_token", "[FILTERED]"], ["created_at", "2023-05-23 00:15:58.179167"], ["updated_at", "2023-05-23 00:15:58.179167"]]
  [1m[36mTRANSACTION (12.8ms)[0m  [1m[35mCOMMIT[0m
  [1m[36mUser Load (0.8ms)[0m  [1m[34mSELECT "users".* FROM "users" WHERE "users"."email" = $1 LIMIT $2[0m  [["email", "usr@email.com"], ["LIMIT", 1]]
  [1m[36mUser Load (1.0ms)[0m  [1m[34mSELECT "users".* FROM "users" WHERE "users"."email" = $1 LIMIT $2[0m  [["email", "usr@email.io"], ["LIMIT", 1]]
  [1m[36mUser Load (1.3ms)[0m  [1m[34mSELECT "users".* FROM "users" WHERE "users"."email" = $1 LIMIT $2[0m  [["email", "usr@email.io"], ["LIMIT", 1]]
  [1m[36mUser Load (0.6ms)[0m  [1m[34mSELECT "users".* FROM "users" WHERE "users"."username" = $1 LIMIT $2[0m  [["username", "usr"], ["LIMIT", 1]]
  [1m[36mUser Load (0.8ms)[0m  [1m[34mSELECT "users".* FROM "users" WHERE "users"."email" = $1 LIMIT $2[0m  [["email", "usr@email.io"], ["LIMIT", 1]]
  [1m[36mUser Load (1.2ms)[0m  [1m[34mSELECT "users".* FROM "users" ORDER BY "users"."id" ASC LIMIT $1[0m  [["LIMIT", 1]]
  [1m[36mUser Exists? (1.4ms)[0m  [1m[34mSELECT 1 AS one FROM "users" WHERE "users"."session_token" = $1 LIMIT $2[0m  [["session_token", "[FILTERED]"], ["LIMIT", 1]]
  [1m[36mActiveRecord::SchemaMigration Pluck (1.7ms)[0m  [1m[34mSELECT "schema_migrations"."version" FROM "schema_migrations" ORDER BY "schema_migrations"."version" ASC[0m
  [1m[36mTRANSACTION (0.6ms)[0m  [1m[35mBEGIN[0m
  [1m[36mUser Load (1.8ms)[0m  [1m[34mSELECT "users".* FROM "users"[0m
  [1m[36mUser Destroy (1.6ms)[0m  [1m[31mDELETE FROM "users" WHERE "users"."id" = $1[0m  [["id", 1]]
  [1m[36mUser Exists? (1.2ms)[0m  [1m[34mSELECT 1 AS one FROM "users" WHERE "users"."session_token" = $1 LIMIT $2[0m  [["session_token", "[FILTERED]"], ["LIMIT", 1]]
  ↳ app/models/user.rb:36:in `generate_unique_session_token'
  [1m[36mUser Exists? (0.7ms)[0m  [1m[34mSELECT 1 AS one FROM "users" WHERE "users"."username" = $1 LIMIT $2[0m  [["username", "Demo-lition"], ["LIMIT", 1]]
  [1m[36mUser Exists? (0.7ms)[0m  [1m[34mSELECT 1 AS one FROM "users" WHERE "users"."email" = $1 LIMIT $2[0m  [["email", "demo@user.io"], ["LIMIT", 1]]
  [1m[36mCACHE User Exists? (0.0ms)[0m  [1m[34mSELECT 1 AS one FROM "users" WHERE "users"."session_token" = $1 LIMIT $2[0m  [["session_token", "[FILTERED]"], ["LIMIT", 1]]
  [1m[36mUser Create (0.9ms)[0m  [1m[32mINSERT INTO "users" ("email", "username", "password_digest", "session_token", "created_at", "updated_at") VALUES ($1, $2, $3, $4, $5, $6) RETURNING "id"[0m  [["email", "demo@user.io"], ["username", "Demo-lition"], ["password_digest", "[FILTERED]"], ["session_token", "[FILTERED]"], ["created_at", "2023-05-23 00:22:34.560285"], ["updated_at", "2023-05-23 00:22:34.560285"]]
  [1m[36mUser Exists? (0.9ms)[0m  [1m[34mSELECT 1 AS one FROM "users" WHERE "users"."session_token" = $1 LIMIT $2[0m  [["session_token", "[FILTERED]"], ["LIMIT", 1]]
  ↳ app/models/user.rb:36:in `generate_unique_session_token'
  [1m[36mUser Exists? (0.8ms)[0m  [1m[34mSELECT 1 AS one FROM "users" WHERE "users"."username" = $1 LIMIT $2[0m  [["username", "stewart_nikolaus"], ["LIMIT", 1]]
  [1m[36mUser Exists? (0.7ms)[0m  [1m[34mSELECT 1 AS one FROM "users" WHERE "users"."email" = $1 LIMIT $2[0m  [["email", "khadijah.durgan@medhurst.example"], ["LIMIT", 1]]
  [1m[36mCACHE User Exists? (0.0ms)[0m  [1m[34mSELECT 1 AS one FROM "users" WHERE "users"."session_token" = $1 LIMIT $2[0m  [["session_token", "[FILTERED]"], ["LIMIT", 1]]
  [1m[36mUser Create (0.8ms)[0m  [1m[32mINSERT INTO "users" ("email", "username", "password_digest", "session_token", "created_at", "updated_at") VALUES ($1, $2, $3, $4, $5, $6) RETURNING "id"[0m  [["email", "khadijah.durgan@medhurst.example"], ["username", "stewart_nikolaus"], ["password_digest", "[FILTERED]"], ["session_token", "[FILTERED]"], ["created_at", "2023-05-23 00:22:36.938593"], ["updated_at", "2023-05-23 00:22:36.938593"]]
  [1m[36mUser Exists? (0.8ms)[0m  [1m[34mSELECT 1 AS one FROM "users" WHERE "users"."session_token" = $1 LIMIT $2[0m  [["session_token", "[FILTERED]"], ["LIMIT", 1]]
  ↳ app/models/user.rb:36:in `generate_unique_session_token'
  [1m[36mUser Exists? (0.5ms)[0m  [1m[34mSELECT 1 AS one FROM "users" WHERE "users"."username" = $1 LIMIT $2[0m  [["username", "miles.rosenbaum"], ["LIMIT", 1]]
  [1m[36mUser Exists? (0.6ms)[0m  [1m[34mSELECT 1 AS one FROM "users" WHERE "users"."email" = $1 LIMIT $2[0m  [["email", "sarah_bergstrom@hegmann-lakin.example"], ["LIMIT", 1]]
  [1m[36mCACHE User Exists? (0.0ms)[0m  [1m[34mSELECT 1 AS one FROM "users" WHERE "users"."session_token" = $1 LIMIT $2[0m  [["session_token", "[FILTERED]"], ["LIMIT", 1]]
  [1m[36mUser Create (0.7ms)[0m  [1m[32mINSERT INTO "users" ("email", "username", "password_digest", "session_token", "created_at", "updated_at") VALUES ($1, $2, $3, $4, $5, $6) RETURNING "id"[0m  [["email", "sarah_bergstrom@hegmann-lakin.example"], ["username", "miles.rosenbaum"], ["password_digest", "[FILTERED]"], ["session_token", "[FILTERED]"], ["created_at", "2023-05-23 00:22:37.354989"], ["updated_at", "2023-05-23 00:22:37.354989"]]
  [1m[36mUser Exists? (0.9ms)[0m  [1m[34mSELECT 1 AS one FROM "users" WHERE "users"."session_token" = $1 LIMIT $2[0m  [["session_token", "[FILTERED]"], ["LIMIT", 1]]
  ↳ app/models/user.rb:36:in `generate_unique_session_token'
  [1m[36mUser Exists? (0.6ms)[0m  [1m[34mSELECT 1 AS one FROM "users" WHERE "users"."username" = $1 LIMIT $2[0m  [["username", "elda_steuber"], ["LIMIT", 1]]
  [1m[36mUser Exists? (0.6ms)[0m  [1m[34mSELECT 1 AS one FROM "users" WHERE "users"."email" = $1 LIMIT $2[0m  [["email", "ignacio@walter.example"], ["LIMIT", 1]]
  [1m[36mCACHE User Exists? (0.0ms)[0m  [1m[34mSELECT 1 AS one FROM "users" WHERE "users"."session_token" = $1 LIMIT $2[0m  [["session_token", "[FILTERED]"], ["LIMIT", 1]]
  [1m[36mUser Create (0.7ms)[0m  [1m[32mINSERT INTO "users" ("email", "username", "password_digest", "session_token", "created_at", "updated_at") VALUES ($1, $2, $3, $4, $5, $6) RETURNING "id"[0m  [["email", "ignacio@walter.example"], ["username", "elda_steuber"], ["password_digest", "[FILTERED]"], ["session_token", "[FILTERED]"], ["created_at", "2023-05-23 00:22:37.808674"], ["updated_at", "2023-05-23 00:22:37.808674"]]
  [1m[36mUser Exists? (0.8ms)[0m  [1m[34mSELECT 1 AS one FROM "users" WHERE "users"."session_token" = $1 LIMIT $2[0m  [["session_token", "[FILTERED]"], ["LIMIT", 1]]
  ↳ app/models/user.rb:36:in `generate_unique_session_token'
  [1m[36mUser Exists? (0.4ms)[0m  [1m[34mSELECT 1 AS one FROM "users" WHERE "users"."username" = $1 LIMIT $2[0m  [["username", "viviana"], ["LIMIT", 1]]
  [1m[36mUser Exists? (0.6ms)[0m  [1m[34mSELECT 1 AS one FROM "users" WHERE "users"."email" = $1 LIMIT $2[0m  [["email", "demetra@rodriguez.test"], ["LIMIT", 1]]
  [1m[36mCACHE User Exists? (0.0ms)[0m  [1m[34mSELECT 1 AS one FROM "users" WHERE "users"."session_token" = $1 LIMIT $2[0m  [["session_token", "[FILTERED]"], ["LIMIT", 1]]
  [1m[36mUser Create (0.7ms)[0m  [1m[32mINSERT INTO "users" ("email", "username", "password_digest", "session_token", "created_at", "updated_at") VALUES ($1, $2, $3, $4, $5, $6) RETURNING "id"[0m  [["email", "demetra@rodriguez.test"], ["username", "viviana"], ["password_digest", "[FILTERED]"], ["session_token", "[FILTERED]"], ["created_at", "2023-05-23 00:22:38.212077"], ["updated_at", "2023-05-23 00:22:38.212077"]]
  [1m[36mUser Exists? (0.8ms)[0m  [1m[34mSELECT 1 AS one FROM "users" WHERE "users"."session_token" = $1 LIMIT $2[0m  [["session_token", "[FILTERED]"], ["LIMIT", 1]]
  ↳ app/models/user.rb:36:in `generate_unique_session_token'
  [1m[36mUser Exists? (0.7ms)[0m  [1m[34mSELECT 1 AS one FROM "users" WHERE "users"."username" = $1 LIMIT $2[0m  [["username", "angel.dicki"], ["LIMIT", 1]]
  [1m[36mUser Exists? (0.7ms)[0m  [1m[34mSELECT 1 AS one FROM "users" WHERE "users"."email" = $1 LIMIT $2[0m  [["email", "antone@feil.example"], ["LIMIT", 1]]
  [1m[36mCACHE User Exists? (0.0ms)[0m  [1m[34mSELECT 1 AS one FROM "users" WHERE "users"."session_token" = $1 LIMIT $2[0m  [["session_token", "[FILTERED]"], ["LIMIT", 1]]
  [1m[36mUser Create (0.8ms)[0m  [1m[32mINSERT INTO "users" ("email", "username", "password_digest", "session_token", "created_at", "updated_at") VALUES ($1, $2, $3, $4, $5, $6) RETURNING "id"[0m  [["email", "antone@feil.example"], ["username", "angel.dicki"], ["password_digest", "[FILTERED]"], ["session_token", "[FILTERED]"], ["created_at", "2023-05-23 00:22:38.680772"], ["updated_at", "2023-05-23 00:22:38.680772"]]
  [1m[36mUser Exists? (0.9ms)[0m  [1m[34mSELECT 1 AS one FROM "users" WHERE "users"."session_token" = $1 LIMIT $2[0m  [["session_token", "[FILTERED]"], ["LIMIT", 1]]
  ↳ app/models/user.rb:36:in `generate_unique_session_token'
  [1m[36mUser Exists? (0.9ms)[0m  [1m[34mSELECT 1 AS one FROM "users" WHERE "users"."username" = $1 LIMIT $2[0m  [["username", "lucien"], ["LIMIT", 1]]
  [1m[36mUser Exists? (0.8ms)[0m  [1m[34mSELECT 1 AS one FROM "users" WHERE "users"."email" = $1 LIMIT $2[0m  [["email", "george.daniel@hills.example"], ["LIMIT", 1]]
  [1m[36mCACHE User Exists? (0.0ms)[0m  [1m[34mSELECT 1 AS one FROM "users" WHERE "users"."session_token" = $1 LIMIT $2[0m  [["session_token", "[FILTERED]"], ["LIMIT", 1]]
  [1m[36mUser Create (0.9ms)[0m  [1m[32mINSERT INTO "users" ("email", "username", "password_digest", "session_token", "created_at", "updated_at") VALUES ($1, $2, $3, $4, $5, $6) RETURNING "id"[0m  [["email", "george.daniel@hills.example"], ["username", "lucien"], ["password_digest", "[FILTERED]"], ["session_token", "[FILTERED]"], ["created_at", "2023-05-23 00:22:39.161021"], ["updated_at", "2023-05-23 00:22:39.161021"]]
  [1m[36mUser Exists? (0.8ms)[0m  [1m[34mSELECT 1 AS one FROM "users" WHERE "users"."session_token" = $1 LIMIT $2[0m  [["session_token", "[FILTERED]"], ["LIMIT", 1]]
  ↳ app/models/user.rb:36:in `generate_unique_session_token'
  [1m[36mUser Exists? (0.5ms)[0m  [1m[34mSELECT 1 AS one FROM "users" WHERE "users"."username" = $1 LIMIT $2[0m  [["username", "hugo"], ["LIMIT", 1]]
  [1m[36mUser Exists? (0.7ms)[0m  [1m[34mSELECT 1 AS one FROM "users" WHERE "users"."email" = $1 LIMIT $2[0m  [["email", "lea.little@kovacek-kuvalis.test"], ["LIMIT", 1]]
  [1m[36mCACHE User Exists? (0.0ms)[0m  [1m[34mSELECT 1 AS one FROM "users" WHERE "users"."session_token" = $1 LIMIT $2[0m  [["session_token", "[FILTERED]"], ["LIMIT", 1]]
  [1m[36mUser Create (0.7ms)[0m  [1m[32mINSERT INTO "users" ("email", "username", "password_digest", "session_token", "created_at", "updated_at") VALUES ($1, $2, $3, $4, $5, $6) RETURNING "id"[0m  [["email", "lea.little@kovacek-kuvalis.test"], ["username", "hugo"], ["password_digest", "[FILTERED]"], ["session_token", "[FILTERED]"], ["created_at", "2023-05-23 00:22:39.668687"], ["updated_at", "2023-05-23 00:22:39.668687"]]
  [1m[36mUser Exists? (0.9ms)[0m  [1m[34mSELECT 1 AS one FROM "users" WHERE "users"."session_token" = $1 LIMIT $2[0m  [["session_token", "[FILTERED]"], ["LIMIT", 1]]
  ↳ app/models/user.rb:36:in `generate_unique_session_token'
  [1m[36mUser Exists? (0.6ms)[0m  [1m[34mSELECT 1 AS one FROM "users" WHERE "users"."username" = $1 LIMIT $2[0m  [["username", "jasmin"], ["LIMIT", 1]]
  [1m[36mUser Exists? (0.6ms)[0m  [1m[34mSELECT 1 AS one FROM "users" WHERE "users"."email" = $1 LIMIT $2[0m  [["email", "barb@olson.test"], ["LIMIT", 1]]
  [1m[36mCACHE User Exists? (0.0ms)[0m  [1m[34mSELECT 1 AS one FROM "users" WHERE "users"."session_token" = $1 LIMIT $2[0m  [["session_token", "[FILTERED]"], ["LIMIT", 1]]
  [1m[36mUser Create (0.8ms)[0m  [1m[32mINSERT INTO "users" ("email", "username", "password_digest", "session_token", "created_at", "updated_at") VALUES ($1, $2, $3, $4, $5, $6) RETURNING "id"[0m  [["email", "barb@olson.test"], ["username", "jasmin"], ["password_digest", "[FILTERED]"], ["session_token", "[FILTERED]"], ["created_at", "2023-05-23 00:22:40.157918"], ["updated_at", "2023-05-23 00:22:40.157918"]]
  [1m[36mUser Exists? (0.7ms)[0m  [1m[34mSELECT 1 AS one FROM "users" WHERE "users"."session_token" = $1 LIMIT $2[0m  [["session_token", "[FILTERED]"], ["LIMIT", 1]]
  ↳ app/models/user.rb:36:in `generate_unique_session_token'
  [1m[36mUser Exists? (0.6ms)[0m  [1m[34mSELECT 1 AS one FROM "users" WHERE "users"."username" = $1 LIMIT $2[0m  [["username", "sergio.orn"], ["LIMIT", 1]]
  [1m[36mUser Exists? (0.7ms)[0m  [1m[34mSELECT 1 AS one FROM "users" WHERE "users"."email" = $1 LIMIT $2[0m  [["email", "magdalene.kemmer@hettinger.test"], ["LIMIT", 1]]
  [1m[36mCACHE User Exists? (0.3ms)[0m  [1m[34mSELECT 1 AS one FROM "users" WHERE "users"."session_token" = $1 LIMIT $2[0m  [["session_token", "[FILTERED]"], ["LIMIT", 1]]
  [1m[36mUser Create (0.7ms)[0m  [1m[32mINSERT INTO "users" ("email", "username", "password_digest", "session_token", "created_at", "updated_at") VALUES ($1, $2, $3, $4, $5, $6) RETURNING "id"[0m  [["email", "magdalene.kemmer@hettinger.test"], ["username", "sergio.orn"], ["password_digest", "[FILTERED]"], ["session_token", "[FILTERED]"], ["created_at", "2023-05-23 00:22:40.677422"], ["updated_at", "2023-05-23 00:22:40.677422"]]
  [1m[36mUser Exists? (0.8ms)[0m  [1m[34mSELECT 1 AS one FROM "users" WHERE "users"."session_token" = $1 LIMIT $2[0m  [["session_token", "[FILTERED]"], ["LIMIT", 1]]
  ↳ app/models/user.rb:36:in `generate_unique_session_token'
  [1m[36mUser Exists? (0.6ms)[0m  [1m[34mSELECT 1 AS one FROM "users" WHERE "users"."username" = $1 LIMIT $2[0m  [["username", "morgan.feest"], ["LIMIT", 1]]
  [1m[36mUser Exists? (0.6ms)[0m  [1m[34mSELECT 1 AS one FROM "users" WHERE "users"."email" = $1 LIMIT $2[0m  [["email", "mimi_wilkinson@kshlerin.test"], ["LIMIT", 1]]
  [1m[36mCACHE User Exists? (0.0ms)[0m  [1m[34mSELECT 1 AS one FROM "users" WHERE "users"."session_token" = $1 LIMIT $2[0m  [["session_token", "[FILTERED]"], ["LIMIT", 1]]
  [1m[36mUser Create (0.7ms)[0m  [1m[32mINSERT INTO "users" ("email", "username", "password_digest", "session_token", "created_at", "updated_at") VALUES ($1, $2, $3, $4, $5, $6) RETURNING "id"[0m  [["email", "mimi_wilkinson@kshlerin.test"], ["username", "morgan.feest"], ["password_digest", "[FILTERED]"], ["session_token", "[FILTERED]"], ["created_at", "2023-05-23 00:22:41.167759"], ["updated_at", "2023-05-23 00:22:41.167759"]]
  [1m[36mTRANSACTION (12.0ms)[0m  [1m[35mCOMMIT[0m
Started GET "/" for ::1 at 2023-05-22 20:36:57 -0400
  [1m[36mActiveRecord::SchemaMigration Pluck (1.6ms)[0m  [1m[34mSELECT "schema_migrations"."version" FROM "schema_migrations" ORDER BY "schema_migrations"."version" ASC[0m
Processing by Rails::WelcomeController#index as HTML
  Rendering /home/david/.rbenv/versions/3.1.1/lib/ruby/gems/3.1.0/gems/railties-7.0.4.3/lib/rails/templates/rails/welcome/index.html.erb
  Rendered /home/david/.rbenv/versions/3.1.1/lib/ruby/gems/3.1.0/gems/railties-7.0.4.3/lib/rails/templates/rails/welcome/index.html.erb (Duration: 3.4ms | Allocations: 526)
Completed 200 OK in 20ms (Views: 9.7ms | ActiveRecord: 0.0ms | Allocations: 2799)


Started POST "/api/test" for ::1 at 2023-05-22 20:37:23 -0400
Processing by ApplicationController#test as */*
  [1m[36mUser Load (0.8ms)[0m  [1m[34mSELECT "users".* FROM "users" WHERE "users"."session_token" IS NULL LIMIT $1[0m  [["LIMIT", 1]]
  ↳ app/controllers/application_controller.rb:6:in `current_user'
Completed 200 OK in 28ms (Views: 0.5ms | ActiveRecord: 4.1ms | Allocations: 4822)


Started POST "/api/test?login" for ::1 at 2023-05-22 20:37:33 -0400
Processing by ApplicationController#test as */*
  Parameters: {"login"=>nil}
  [1m[36mUser Load (0.9ms)[0m  [1m[34mSELECT "users".* FROM "users" ORDER BY "users"."id" ASC LIMIT $1[0m  [["LIMIT", 1]]
  ↳ app/controllers/application_controller.rb:27:in `test'
  [1m[36mUser Exists? (2.5ms)[0m  [1m[34mSELECT 1 AS one FROM "users" WHERE "users"."session_token" = $1 LIMIT $2[0m  [["session_token", "[FILTERED]"], ["LIMIT", 1]]
  ↳ app/models/user.rb:36:in `generate_unique_session_token'
  [1m[36mUser Load (1.3ms)[0m  [1m[34mSELECT "users".* FROM "users" WHERE "users"."session_token" = $1 LIMIT $2[0m  [["session_token", "[FILTERED]"], ["LIMIT", 1]]
  ↳ app/controllers/application_controller.rb:6:in `current_user'
Completed 200 OK in 62ms (Views: 0.7ms | ActiveRecord: 9.0ms | Allocations: 7558)


Started POST "/api/test?login" for ::1 at 2023-05-22 20:40:41 -0400
  [1m[36mActiveRecord::SchemaMigration Pluck (1.1ms)[0m  [1m[34mSELECT "schema_migrations"."version" FROM "schema_migrations" ORDER BY "schema_migrations"."version" ASC[0m
Processing by ApplicationController#test as */*
  Parameters: {"login"=>nil}
  [1m[36mUser Load (0.9ms)[0m  [1m[34mSELECT "users".* FROM "users" ORDER BY "users"."id" ASC LIMIT $1[0m  [["LIMIT", 1]]
  ↳ app/controllers/application_controller.rb:28:in `test'
  [1m[36mUser Exists? (1.2ms)[0m  [1m[34mSELECT 1 AS one FROM "users" WHERE "users"."session_token" = $1 LIMIT $2[0m  [["session_token", "[FILTERED]"], ["LIMIT", 1]]
  ↳ app/models/user.rb:36:in `generate_unique_session_token'
  [1m[36mUser Load (0.8ms)[0m  [1m[34mSELECT "users".* FROM "users" WHERE "users"."session_token" = $1 LIMIT $2[0m  [["session_token", "[FILTERED]"], ["LIMIT", 1]]
  ↳ (byebug):1:in `current_user'
  [1m[36mCACHE User Load (0.0ms)[0m  [1m[34mSELECT "users".* FROM "users" ORDER BY "users"."id" ASC LIMIT $1[0m  [["LIMIT", 1]]
  ↳ (byebug):1:in `current_user'
  [1m[36mCACHE User Load (0.1ms)[0m  [1m[34mSELECT "users".* FROM "users" WHERE "users"."session_token" = $1 LIMIT $2[0m  [["session_token", "[FILTERED]"], ["LIMIT", 1]]
  ↳ app/controllers/application_controller.rb:7:in `current_user'
Completed 200 OK in 97581ms (Views: 0.8ms | ActiveRecord: 12.1ms | Allocations: 89479)


Started POST "/api/test?login" for ::1 at 2023-05-22 20:42:35 -0400
  [1m[36mActiveRecord::SchemaMigration Pluck (1.1ms)[0m  [1m[34mSELECT "schema_migrations"."version" FROM "schema_migrations" ORDER BY "schema_migrations"."version" ASC[0m
Processing by ApplicationController#test as */*
  Parameters: {"login"=>nil}
  [1m[36mUser Load (0.8ms)[0m  [1m[34mSELECT "users".* FROM "users" ORDER BY "users"."id" ASC LIMIT $1[0m  [["LIMIT", 1]]
  ↳ app/controllers/application_controller.rb:28:in `test'
  [1m[36mUser Exists? (0.9ms)[0m  [1m[34mSELECT 1 AS one FROM "users" WHERE "users"."session_token" = $1 LIMIT $2[0m  [["session_token", "[FILTERED]"], ["LIMIT", 1]]
  ↳ app/models/user.rb:37:in `generate_unique_session_token'
  [1m[36mTRANSACTION (0.5ms)[0m  [1m[35mBEGIN[0m
  ↳ app/models/user.rb:28:in `reset_session_token!'
  [1m[36mUser Exists? (0.8ms)[0m  [1m[34mSELECT 1 AS one FROM "users" WHERE "users"."username" = $1 AND "users"."id" != $2 LIMIT $3[0m  [["username", "Demo-lition"], ["id", 1], ["LIMIT", 1]]
  ↳ app/models/user.rb:28:in `reset_session_token!'
  [1m[36mUser Exists? (1.1ms)[0m  [1m[34mSELECT 1 AS one FROM "users" WHERE "users"."email" = $1 AND "users"."id" != $2 LIMIT $3[0m  [["email", "demo@user.io"], ["id", 1], ["LIMIT", 1]]
  ↳ app/models/user.rb:28:in `reset_session_token!'
  [1m[36mUser Exists? (0.7ms)[0m  [1m[34mSELECT 1 AS one FROM "users" WHERE "users"."session_token" = $1 AND "users"."id" != $2 LIMIT $3[0m  [["session_token", "[FILTERED]"], ["id", 1], ["LIMIT", 1]]
  ↳ app/models/user.rb:28:in `reset_session_token!'
  [1m[36mUser Update (1.3ms)[0m  [1m[33mUPDATE "users" SET "session_token" = $1, "updated_at" = $2 WHERE "users"."id" = $3[0m  [["session_token", "[FILTERED]"], ["updated_at", "2023-05-23 00:42:36.259745"], ["id", 1]]
  ↳ app/models/user.rb:28:in `reset_session_token!'
  [1m[36mTRANSACTION (10.6ms)[0m  [1m[35mCOMMIT[0m
  ↳ app/models/user.rb:28:in `reset_session_token!'
  [1m[36mUser Load (0.7ms)[0m  [1m[34mSELECT "users".* FROM "users" WHERE "users"."session_token" = $1 LIMIT $2[0m  [["session_token", "[FILTERED]"], ["LIMIT", 1]]
  ↳ (byebug):1:in `current_user'
  [1m[36mCACHE User Load (0.1ms)[0m  [1m[34mSELECT "users".* FROM "users" WHERE "users"."session_token" = $1 LIMIT $2[0m  [["session_token", "[FILTERED]"], ["LIMIT", 1]]
  ↳ app/controllers/application_controller.rb:7:in `current_user'
Completed 200 OK in 12823ms (Views: 0.7ms | ActiveRecord: 25.0ms | Allocations: 97167)


Started POST "/api/test?login" for ::1 at 2023-05-22 20:43:23 -0400
  [1m[36mActiveRecord::SchemaMigration Pluck (1.7ms)[0m  [1m[34mSELECT "schema_migrations"."version" FROM "schema_migrations" ORDER BY "schema_migrations"."version" ASC[0m
Processing by ApplicationController#test as */*
  Parameters: {"login"=>nil}
  [1m[36mUser Load (1.2ms)[0m  [1m[34mSELECT "users".* FROM "users" ORDER BY "users"."id" ASC LIMIT $1[0m  [["LIMIT", 1]]
  ↳ app/controllers/application_controller.rb:27:in `test'
  [1m[36mUser Exists? (1.6ms)[0m  [1m[34mSELECT 1 AS one FROM "users" WHERE "users"."session_token" = $1 LIMIT $2[0m  [["session_token", "[FILTERED]"], ["LIMIT", 1]]
  ↳ app/models/user.rb:37:in `generate_unique_session_token'
  [1m[36mTRANSACTION (0.6ms)[0m  [1m[35mBEGIN[0m
  ↳ app/models/user.rb:28:in `reset_session_token!'
  [1m[36mUser Exists? (1.5ms)[0m  [1m[34mSELECT 1 AS one FROM "users" WHERE "users"."username" = $1 AND "users"."id" != $2 LIMIT $3[0m  [["username", "Demo-lition"], ["id", 1], ["LIMIT", 1]]
  ↳ app/models/user.rb:28:in `reset_session_token!'
  [1m[36mUser Exists? (0.9ms)[0m  [1m[34mSELECT 1 AS one FROM "users" WHERE "users"."email" = $1 AND "users"."id" != $2 LIMIT $3[0m  [["email", "demo@user.io"], ["id", 1], ["LIMIT", 1]]
  ↳ app/models/user.rb:28:in `reset_session_token!'
  [1m[36mUser Exists? (0.9ms)[0m  [1m[34mSELECT 1 AS one FROM "users" WHERE "users"."session_token" = $1 AND "users"."id" != $2 LIMIT $3[0m  [["session_token", "[FILTERED]"], ["id", 1], ["LIMIT", 1]]
  ↳ app/models/user.rb:28:in `reset_session_token!'
  [1m[36mUser Update (1.1ms)[0m  [1m[33mUPDATE "users" SET "session_token" = $1, "updated_at" = $2 WHERE "users"."id" = $3[0m  [["session_token", "[FILTERED]"], ["updated_at", "2023-05-23 00:43:23.893030"], ["id", 1]]
  ↳ app/models/user.rb:28:in `reset_session_token!'
  [1m[36mTRANSACTION (11.7ms)[0m  [1m[35mCOMMIT[0m
  ↳ app/models/user.rb:28:in `reset_session_token!'
  [1m[36mUser Load (1.1ms)[0m  [1m[34mSELECT "users".* FROM "users" WHERE "users"."session_token" = $1 LIMIT $2[0m  [["session_token", "[FILTERED]"], ["LIMIT", 1]]
  ↳ app/controllers/application_controller.rb:6:in `current_user'
Completed 200 OK in 106ms (Views: 0.9ms | ActiveRecord: 29.7ms | Allocations: 17365)


Started POST "/api/test" for ::1 at 2023-05-22 20:43:42 -0400
Processing by ApplicationController#test as */*
  [1m[36mUser Load (0.8ms)[0m  [1m[34mSELECT "users".* FROM "users" WHERE "users"."session_token" = $1 LIMIT $2[0m  [["session_token", "[FILTERED]"], ["LIMIT", 1]]
  ↳ app/controllers/application_controller.rb:6:in `current_user'
Completed 200 OK in 7ms (Views: 0.4ms | ActiveRecord: 0.8ms | Allocations: 836)


Started POST "/api/test?logout" for ::1 at 2023-05-22 20:44:03 -0400
Processing by ApplicationController#test as */*
  Parameters: {"logout"=>nil}
  [1m[36mUser Load (0.8ms)[0m  [1m[34mSELECT "users".* FROM "users" WHERE "users"."session_token" = $1 LIMIT $2[0m  [["session_token", "[FILTERED]"], ["LIMIT", 1]]
  ↳ app/controllers/application_controller.rb:6:in `current_user'
  [1m[36mUser Exists? (0.8ms)[0m  [1m[34mSELECT 1 AS one FROM "users" WHERE "users"."session_token" = $1 LIMIT $2[0m  [["session_token", "[FILTERED]"], ["LIMIT", 1]]
  ↳ app/models/user.rb:37:in `generate_unique_session_token'
  [1m[36mTRANSACTION (0.5ms)[0m  [1m[35mBEGIN[0m
  ↳ app/models/user.rb:28:in `reset_session_token!'
  [1m[36mUser Exists? (1.1ms)[0m  [1m[34mSELECT 1 AS one FROM "users" WHERE "users"."username" = $1 AND "users"."id" != $2 LIMIT $3[0m  [["username", "Demo-lition"], ["id", 1], ["LIMIT", 1]]
  ↳ app/models/user.rb:28:in `reset_session_token!'
  [1m[36mUser Exists? (1.5ms)[0m  [1m[34mSELECT 1 AS one FROM "users" WHERE "users"."email" = $1 AND "users"."id" != $2 LIMIT $3[0m  [["email", "demo@user.io"], ["id", 1], ["LIMIT", 1]]
  ↳ app/models/user.rb:28:in `reset_session_token!'
  [1m[36mUser Exists? (1.4ms)[0m  [1m[34mSELECT 1 AS one FROM "users" WHERE "users"."session_token" = $1 AND "users"."id" != $2 LIMIT $3[0m  [["session_token", "[FILTERED]"], ["id", 1], ["LIMIT", 1]]
  ↳ app/models/user.rb:28:in `reset_session_token!'
  [1m[36mUser Update (1.8ms)[0m  [1m[33mUPDATE "users" SET "session_token" = $1, "updated_at" = $2 WHERE "users"."id" = $3[0m  [["session_token", "[FILTERED]"], ["updated_at", "2023-05-23 00:44:03.845154"], ["id", 1]]
  ↳ app/models/user.rb:28:in `reset_session_token!'
  [1m[36mTRANSACTION (6.6ms)[0m  [1m[35mCOMMIT[0m
  ↳ app/models/user.rb:28:in `reset_session_token!'
  [1m[36mUser Load (1.6ms)[0m  [1m[34mSELECT "users".* FROM "users" WHERE "users"."session_token" IS NULL LIMIT $1[0m  [["LIMIT", 1]]
  ↳ app/controllers/application_controller.rb:6:in `current_user'
Completed 200 OK in 69ms (Views: 0.8ms | ActiveRecord: 16.0ms | Allocations: 6085)


Started POST "/api/session" for ::1 at 2023-05-22 21:02:28 -0400
  [1m[36mActiveRecord::SchemaMigration Pluck (1.1ms)[0m  [1m[34mSELECT "schema_migrations"."version" FROM "schema_migrations" ORDER BY "schema_migrations"."version" ASC[0m
Processing by Api::SessionsController#create as JSON
  Parameters: {"credential"=>"Demo-lition", "password"=>"[FILTERED]", "session"=>{"credential"=>"Demo-lition", "password"=>"[FILTERED]"}}
  [1m[36mUser Load (1.0ms)[0m  [1m[34mSELECT "users".* FROM "users" WHERE "users"."username" = $1 LIMIT $2[0m  [["username", "Demo-lition"], ["LIMIT", 1]]
  ↳ app/models/user.rb:16:in `find_by_credentials'
  [1m[36mUser Exists? (1.0ms)[0m  [1m[34mSELECT 1 AS one FROM "users" WHERE "users"."session_token" = $1 LIMIT $2[0m  [["session_token", "[FILTERED]"], ["LIMIT", 1]]
  ↳ app/models/user.rb:37:in `generate_unique_session_token'
  [1m[36mTRANSACTION (0.5ms)[0m  [1m[35mBEGIN[0m
  ↳ app/models/user.rb:28:in `reset_session_token!'
  [1m[36mUser Exists? (1.0ms)[0m  [1m[34mSELECT 1 AS one FROM "users" WHERE "users"."username" = $1 AND "users"."id" != $2 LIMIT $3[0m  [["username", "Demo-lition"], ["id", 1], ["LIMIT", 1]]
  ↳ app/models/user.rb:28:in `reset_session_token!'
  [1m[36mUser Exists? (0.9ms)[0m  [1m[34mSELECT 1 AS one FROM "users" WHERE "users"."email" = $1 AND "users"."id" != $2 LIMIT $3[0m  [["email", "demo@user.io"], ["id", 1], ["LIMIT", 1]]
  ↳ app/models/user.rb:28:in `reset_session_token!'
  [1m[36mUser Exists? (0.8ms)[0m  [1m[34mSELECT 1 AS one FROM "users" WHERE "users"."session_token" = $1 AND "users"."id" != $2 LIMIT $3[0m  [["session_token", "[FILTERED]"], ["id", 1], ["LIMIT", 1]]
  ↳ app/models/user.rb:28:in `reset_session_token!'
  [1m[36mUser Update (1.5ms)[0m  [1m[33mUPDATE "users" SET "session_token" = $1, "updated_at" = $2 WHERE "users"."id" = $3[0m  [["session_token", "[FILTERED]"], ["updated_at", "2023-05-23 01:02:29.601572"], ["id", 1]]
  ↳ app/models/user.rb:28:in `reset_session_token!'
  [1m[36mTRANSACTION (4.7ms)[0m  [1m[35mCOMMIT[0m
  ↳ app/models/user.rb:28:in `reset_session_token!'
Completed 200 OK in 505ms (Views: 0.8ms | ActiveRecord: 19.6ms | Allocations: 16668)


Started GET "/api/session" for ::1 at 2023-05-22 21:02:49 -0400
Processing by Api::SessionsController#show as JSON
  [1m[36mUser Load (0.7ms)[0m  [1m[34mSELECT "users".* FROM "users" WHERE "users"."session_token" = $1 LIMIT $2[0m  [["session_token", "[FILTERED]"], ["LIMIT", 1]]
  ↳ app/controllers/application_controller.rb:6:in `current_user'
Completed 200 OK in 8ms (Views: 1.2ms | ActiveRecord: 0.7ms | Allocations: 1237)


Started DELETE "/api/session" for ::1 at 2023-05-22 21:03:00 -0400
Processing by Api::SessionsController#destroy as JSON
  [1m[36mUser Load (0.8ms)[0m  [1m[34mSELECT "users".* FROM "users" WHERE "users"."session_token" = $1 LIMIT $2[0m  [["session_token", "[FILTERED]"], ["LIMIT", 1]]
  ↳ app/controllers/application_controller.rb:6:in `current_user'
  [1m[36mUser Exists? (0.9ms)[0m  [1m[34mSELECT 1 AS one FROM "users" WHERE "users"."session_token" = $1 LIMIT $2[0m  [["session_token", "[FILTERED]"], ["LIMIT", 1]]
  ↳ app/models/user.rb:37:in `generate_unique_session_token'
  [1m[36mTRANSACTION (0.4ms)[0m  [1m[35mBEGIN[0m
  ↳ app/models/user.rb:28:in `reset_session_token!'
  [1m[36mUser Exists? (0.8ms)[0m  [1m[34mSELECT 1 AS one FROM "users" WHERE "users"."username" = $1 AND "users"."id" != $2 LIMIT $3[0m  [["username", "Demo-lition"], ["id", 1], ["LIMIT", 1]]
  ↳ app/models/user.rb:28:in `reset_session_token!'
  [1m[36mUser Exists? (1.6ms)[0m  [1m[34mSELECT 1 AS one FROM "users" WHERE "users"."email" = $1 AND "users"."id" != $2 LIMIT $3[0m  [["email", "demo@user.io"], ["id", 1], ["LIMIT", 1]]
  ↳ app/models/user.rb:28:in `reset_session_token!'
  [1m[36mUser Exists? (0.9ms)[0m  [1m[34mSELECT 1 AS one FROM "users" WHERE "users"."session_token" = $1 AND "users"."id" != $2 LIMIT $3[0m  [["session_token", "[FILTERED]"], ["id", 1], ["LIMIT", 1]]
  ↳ app/models/user.rb:28:in `reset_session_token!'
  [1m[36mUser Update (0.9ms)[0m  [1m[33mUPDATE "users" SET "session_token" = $1, "updated_at" = $2 WHERE "users"."id" = $3[0m  [["session_token", "[FILTERED]"], ["updated_at", "2023-05-23 01:03:00.924341"], ["id", 1]]
  ↳ app/models/user.rb:28:in `reset_session_token!'
  [1m[36mTRANSACTION (4.2ms)[0m  [1m[35mCOMMIT[0m
  ↳ app/models/user.rb:28:in `reset_session_token!'
Completed 200 OK in 40ms (Views: 0.3ms | ActiveRecord: 10.5ms | Allocations: 5532)


Started GET "/api/session" for ::1 at 2023-05-22 21:03:07 -0400
Processing by Api::SessionsController#show as JSON
  [1m[36mUser Load (0.6ms)[0m  [1m[34mSELECT "users".* FROM "users" WHERE "users"."session_token" IS NULL LIMIT $1[0m  [["LIMIT", 1]]
  ↳ app/controllers/application_controller.rb:6:in `current_user'
Completed 200 OK in 6ms (Views: 0.3ms | ActiveRecord: 0.6ms | Allocations: 915)


Started POST "/api/users" for ::1 at 2023-05-22 21:09:12 -0400
  [1m[36mActiveRecord::SchemaMigration Pluck (1.2ms)[0m  [1m[34mSELECT "schema_migrations"."version" FROM "schema_migrations" ORDER BY "schema_migrations"."version" ASC[0m
Processing by Api::UsersController#create as JSON
  Parameters: {"email"=>"coolemail@hotmail.net", "username"=>"cooluser", "password"=>"[FILTERED]", "user"=>{"email"=>"coolemail@hotmail.net", "username"=>"cooluser", "password"=>"[FILTERED]"}}
Completed 200 OK in 2ms (Views: 0.4ms | ActiveRecord: 0.0ms | Allocations: 466)


Started POST "/api/users" for ::1 at 2023-05-22 21:11:29 -0400
  [1m[36mActiveRecord::SchemaMigration Pluck (1.1ms)[0m  [1m[34mSELECT "schema_migrations"."version" FROM "schema_migrations" ORDER BY "schema_migrations"."version" ASC[0m
Processing by Api::UsersController#create as JSON
  Parameters: {"email"=>"coolemail@hotmail.net", "username"=>"cooluser", "password"=>"[FILTERED]", "user"=>{"email"=>"coolemail@hotmail.net", "username"=>"cooluser", "password"=>"[FILTERED]"}}
  [1m[36mTRANSACTION (0.6ms)[0m  [1m[35mBEGIN[0m
  ↳ app/models/user.rb:37:in `generate_unique_session_token'
  [1m[36mUser Exists? (1.6ms)[0m  [1m[34mSELECT 1 AS one FROM "users" WHERE "users"."session_token" = $1 LIMIT $2[0m  [["session_token", "[FILTERED]"], ["LIMIT", 1]]
  ↳ app/models/user.rb:37:in `generate_unique_session_token'
  [1m[36mUser Exists? (0.9ms)[0m  [1m[34mSELECT 1 AS one FROM "users" WHERE "users"."username" = $1 LIMIT $2[0m  [["username", "cooluser"], ["LIMIT", 1]]
  ↳ app/controllers/api/users_controller.rb:8:in `create'
  [1m[36mUser Exists? (1.0ms)[0m  [1m[34mSELECT 1 AS one FROM "users" WHERE "users"."email" = $1 LIMIT $2[0m  [["email", "coolemail@hotmail.net"], ["LIMIT", 1]]
  ↳ app/controllers/api/users_controller.rb:8:in `create'
  [1m[36mCACHE User Exists? (0.0ms)[0m  [1m[34mSELECT 1 AS one FROM "users" WHERE "users"."session_token" = $1 LIMIT $2[0m  [["session_token", "[FILTERED]"], ["LIMIT", 1]]
  ↳ app/controllers/api/users_controller.rb:8:in `create'
  [1m[36mUser Create (1.8ms)[0m  [1m[32mINSERT INTO "users" ("email", "username", "password_digest", "session_token", "created_at", "updated_at") VALUES ($1, $2, $3, $4, $5, $6) RETURNING "id"[0m  [["email", "coolemail@hotmail.net"], ["username", "cooluser"], ["password_digest", "[FILTERED]"], ["session_token", "[FILTERED]"], ["created_at", "2023-05-23 01:11:30.778634"], ["updated_at", "2023-05-23 01:11:30.778634"]]
  ↳ app/controllers/api/users_controller.rb:8:in `create'
  [1m[36mTRANSACTION (12.5ms)[0m  [1m[35mCOMMIT[0m
  ↳ app/controllers/api/users_controller.rb:8:in `create'
  [1m[36mUser Exists? (1.0ms)[0m  [1m[34mSELECT 1 AS one FROM "users" WHERE "users"."session_token" = $1 LIMIT $2[0m  [["session_token", "[FILTERED]"], ["LIMIT", 1]]
  ↳ app/models/user.rb:37:in `generate_unique_session_token'
  [1m[36mTRANSACTION (0.7ms)[0m  [1m[35mBEGIN[0m
  ↳ app/models/user.rb:28:in `reset_session_token!'
  [1m[36mUser Exists? (1.2ms)[0m  [1m[34mSELECT 1 AS one FROM "users" WHERE "users"."username" = $1 AND "users"."id" != $2 LIMIT $3[0m  [["username", "cooluser"], ["id", 12], ["LIMIT", 1]]
  ↳ app/models/user.rb:28:in `reset_session_token!'
  [1m[36mUser Exists? (1.1ms)[0m  [1m[34mSELECT 1 AS one FROM "users" WHERE "users"."email" = $1 AND "users"."id" != $2 LIMIT $3[0m  [["email", "coolemail@hotmail.net"], ["id", 12], ["LIMIT", 1]]
  ↳ app/models/user.rb:28:in `reset_session_token!'
  [1m[36mUser Exists? (1.0ms)[0m  [1m[34mSELECT 1 AS one FROM "users" WHERE "users"."session_token" = $1 AND "users"."id" != $2 LIMIT $3[0m  [["session_token", "[FILTERED]"], ["id", 12], ["LIMIT", 1]]
  ↳ app/models/user.rb:28:in `reset_session_token!'
  [1m[36mUser Update (1.1ms)[0m  [1m[33mUPDATE "users" SET "session_token" = $1, "updated_at" = $2 WHERE "users"."id" = $3[0m  [["session_token", "[FILTERED]"], ["updated_at", "2023-05-23 01:11:30.830881"], ["id", 12]]
  ↳ app/models/user.rb:28:in `reset_session_token!'
  [1m[36mTRANSACTION (3.5ms)[0m  [1m[35mCOMMIT[0m
  ↳ app/models/user.rb:28:in `reset_session_token!'
Completed 200 OK in 652ms (Views: 1.2ms | ActiveRecord: 32.3ms | Allocations: 18980)


Started GET "/api/session" for ::1 at 2023-05-22 21:19:53 -0400
  [1m[36mActiveRecord::SchemaMigration Pluck (1.1ms)[0m  [1m[34mSELECT "schema_migrations"."version" FROM "schema_migrations" ORDER BY "schema_migrations"."version" ASC[0m

NoMethodError - undefined method `set_callbacks' for ARGF.class:Class
              target.set_callbacks name, CallbackChain.new(name, options)
                    ^^^^^^^^^^^^^^
Did you mean?  __callbacks
               __callbacks?
               run_callbacks:
  app/controllers/application_controller.rb:1:in `<top (required)>'
  app/controllers/api/sessions_controller.rb:1:in `<top (required)>'

Started GET "/api/session" for ::1 at 2023-05-22 21:20:56 -0400
  [1m[36mActiveRecord::SchemaMigration Pluck (1.3ms)[0m  [1m[34mSELECT "schema_migrations"."version" FROM "schema_migrations" ORDER BY "schema_migrations"."version" ASC[0m

NoMethodError - undefined method `set_callbacks' for ARGF.class:Class
              target.set_callbacks name, CallbackChain.new(name, options)
                    ^^^^^^^^^^^^^^
Did you mean?  __callbacks
               __callbacks?
               run_callbacks:
  app/controllers/application_controller.rb:1:in `<top (required)>'
  app/controllers/api/sessions_controller.rb:1:in `<top (required)>'

Started GET "/api/session" for ::1 at 2023-05-22 21:21:05 -0400

NoMethodError - undefined method `config_accessor' for Object:Class
      config_accessor :request_forgery_protection_token
      ^^^^^^^^^^^^^^^:
  app/controllers/application_controller.rb:1:in `<top (required)>'
  app/controllers/api/sessions_controller.rb:1:in `<top (required)>'

Started GET "/api/session" for ::1 at 2023-05-22 21:22:00 -0400
  [1m[36mActiveRecord::SchemaMigration Pluck (1.1ms)[0m  [1m[34mSELECT "schema_migrations"."version" FROM "schema_migrations" ORDER BY "schema_migrations"."version" ASC[0m
Processing by Api::SessionsController#show as JSON
  [1m[36mUser Load (1.6ms)[0m  [1m[34mSELECT "users".* FROM "users" WHERE "users"."session_token" = $1 LIMIT $2[0m  [["session_token", "[FILTERED]"], ["LIMIT", 1]]
  ↳ app/controllers/application_controller.rb:8:in `current_user'
  Rendering api/users/show.json.jbuilder
  Rendered api/users/show.json.jbuilder (Duration: 2.3ms | Allocations: 694)
Completed 200 OK in 62ms (Views: 13.1ms | ActiveRecord: 11.9ms | Allocations: 12555)


Started POST "/api/test" for ::1 at 2023-05-22 21:22:40 -0400
  
ActionController::RoutingError (No route matches [POST] "/api/test"):
  
Started POST "/api/test" for ::1 at 2023-05-22 21:23:46 -0400
  [1m[36mActiveRecord::SchemaMigration Pluck (0.9ms)[0m  [1m[34mSELECT "schema_migrations"."version" FROM "schema_migrations" ORDER BY "schema_migrations"."version" ASC[0m
Processing by ApplicationController#test as */*
  [1m[36mUser Load (1.2ms)[0m  [1m[34mSELECT "users".* FROM "users" WHERE "users"."session_token" = $1 LIMIT $2[0m  [["session_token", "[FILTERED]"], ["LIMIT", 1]]
  ↳ app/controllers/application_controller.rb:8:in `current_user'
Completed 200 OK in 40ms (Views: 0.5ms | ActiveRecord: 8.0ms | Allocations: 10169)


Started POST "/api/test" for ::1 at 2023-05-22 21:24:08 -0400
Processing by ApplicationController#test as */*
Can't verify CSRF token authenticity.
Completed 422 Unprocessable Entity in 2ms (ActiveRecord: 0.0ms | Allocations: 637)



ActionController::InvalidAuthenticityToken - Can't verify CSRF token authenticity.:

Started POST "/api/test?login" for ::1 at 2023-05-22 21:24:30 -0400
Processing by ApplicationController#test as */*
  Parameters: {"login"=>nil}
  [1m[36mUser Load (0.6ms)[0m  [1m[34mSELECT "users".* FROM "users" ORDER BY "users"."id" ASC LIMIT $1[0m  [["LIMIT", 1]]
  ↳ app/controllers/application_controller.rb:29:in `test'
  [1m[36mUser Exists? (0.7ms)[0m  [1m[34mSELECT 1 AS one FROM "users" WHERE "users"."session_token" = $1 LIMIT $2[0m  [["session_token", "[FILTERED]"], ["LIMIT", 1]]
  ↳ app/models/user.rb:37:in `generate_unique_session_token'
  [1m[36mTRANSACTION (0.5ms)[0m  [1m[35mBEGIN[0m
  ↳ app/models/user.rb:28:in `reset_session_token!'
  [1m[36mUser Exists? (1.0ms)[0m  [1m[34mSELECT 1 AS one FROM "users" WHERE "users"."username" = $1 AND "users"."id" != $2 LIMIT $3[0m  [["username", "Demo-lition"], ["id", 1], ["LIMIT", 1]]
  ↳ app/models/user.rb:28:in `reset_session_token!'
  [1m[36mUser Exists? (1.1ms)[0m  [1m[34mSELECT 1 AS one FROM "users" WHERE "users"."email" = $1 AND "users"."id" != $2 LIMIT $3[0m  [["email", "demo@user.io"], ["id", 1], ["LIMIT", 1]]
  ↳ app/models/user.rb:28:in `reset_session_token!'
  [1m[36mUser Exists? (1.0ms)[0m  [1m[34mSELECT 1 AS one FROM "users" WHERE "users"."session_token" = $1 AND "users"."id" != $2 LIMIT $3[0m  [["session_token", "[FILTERED]"], ["id", 1], ["LIMIT", 1]]
  ↳ app/models/user.rb:28:in `reset_session_token!'
  [1m[36mUser Update (1.9ms)[0m  [1m[33mUPDATE "users" SET "session_token" = $1, "updated_at" = $2 WHERE "users"."id" = $3[0m  [["session_token", "[FILTERED]"], ["updated_at", "2023-05-23 01:24:30.780735"], ["id", 1]]
  ↳ app/models/user.rb:28:in `reset_session_token!'
  [1m[36mTRANSACTION (12.8ms)[0m  [1m[35mCOMMIT[0m
  ↳ app/models/user.rb:28:in `reset_session_token!'
  [1m[36mUser Load (1.2ms)[0m  [1m[34mSELECT "users".* FROM "users" WHERE "users"."session_token" = $1 LIMIT $2[0m  [["session_token", "[FILTERED]"], ["LIMIT", 1]]
  ↳ app/controllers/application_controller.rb:8:in `current_user'
Completed 200 OK in 79ms (Views: 0.6ms | ActiveRecord: 20.8ms | Allocations: 8277)


Started POST "/api/test" for ::1 at 2023-05-22 21:24:38 -0400
Processing by ApplicationController#test as */*
  [1m[36mUser Load (0.6ms)[0m  [1m[34mSELECT "users".* FROM "users" WHERE "users"."session_token" = $1 LIMIT $2[0m  [["session_token", "[FILTERED]"], ["LIMIT", 1]]
  ↳ app/controllers/application_controller.rb:8:in `current_user'
Completed 200 OK in 6ms (Views: 0.4ms | ActiveRecord: 0.6ms | Allocations: 865)


Started POST "/api/test?logout" for ::1 at 2023-05-22 21:24:45 -0400
Processing by ApplicationController#test as */*
  Parameters: {"logout"=>nil}
  [1m[36mUser Load (0.6ms)[0m  [1m[34mSELECT "users".* FROM "users" WHERE "users"."session_token" = $1 LIMIT $2[0m  [["session_token", "[FILTERED]"], ["LIMIT", 1]]
  ↳ app/controllers/application_controller.rb:8:in `current_user'
  [1m[36mUser Exists? (0.8ms)[0m  [1m[34mSELECT 1 AS one FROM "users" WHERE "users"."session_token" = $1 LIMIT $2[0m  [["session_token", "[FILTERED]"], ["LIMIT", 1]]
  ↳ app/models/user.rb:37:in `generate_unique_session_token'
  [1m[36mTRANSACTION (0.4ms)[0m  [1m[35mBEGIN[0m
  ↳ app/models/user.rb:28:in `reset_session_token!'
  [1m[36mUser Exists? (0.6ms)[0m  [1m[34mSELECT 1 AS one FROM "users" WHERE "users"."username" = $1 AND "users"."id" != $2 LIMIT $3[0m  [["username", "Demo-lition"], ["id", 1], ["LIMIT", 1]]
  ↳ app/models/user.rb:28:in `reset_session_token!'
  [1m[36mUser Exists? (1.0ms)[0m  [1m[34mSELECT 1 AS one FROM "users" WHERE "users"."email" = $1 AND "users"."id" != $2 LIMIT $3[0m  [["email", "demo@user.io"], ["id", 1], ["LIMIT", 1]]
  ↳ app/models/user.rb:28:in `reset_session_token!'
  [1m[36mUser Exists? (1.2ms)[0m  [1m[34mSELECT 1 AS one FROM "users" WHERE "users"."session_token" = $1 AND "users"."id" != $2 LIMIT $3[0m  [["session_token", "[FILTERED]"], ["id", 1], ["LIMIT", 1]]
  ↳ app/models/user.rb:28:in `reset_session_token!'
  [1m[36mUser Update (1.1ms)[0m  [1m[33mUPDATE "users" SET "session_token" = $1, "updated_at" = $2 WHERE "users"."id" = $3[0m  [["session_token", "[FILTERED]"], ["updated_at", "2023-05-23 01:24:45.850442"], ["id", 1]]
  ↳ app/models/user.rb:28:in `reset_session_token!'
  [1m[36mTRANSACTION (3.0ms)[0m  [1m[35mCOMMIT[0m
  ↳ app/models/user.rb:28:in `reset_session_token!'
  [1m[36mUser Load (0.6ms)[0m  [1m[34mSELECT "users".* FROM "users" WHERE "users"."session_token" IS NULL LIMIT $1[0m  [["LIMIT", 1]]
  ↳ app/controllers/application_controller.rb:8:in `current_user'
Completed 200 OK in 49ms (Views: 0.4ms | ActiveRecord: 9.4ms | Allocations: 6134)


Started POST "/api/test" for ::1 at 2023-05-22 21:24:53 -0400
Processing by ApplicationController#test as */*
  [1m[36mUser Load (0.6ms)[0m  [1m[34mSELECT "users".* FROM "users" WHERE "users"."session_token" IS NULL LIMIT $1[0m  [["LIMIT", 1]]
  ↳ app/controllers/application_controller.rb:8:in `current_user'
Completed 200 OK in 6ms (Views: 0.3ms | ActiveRecord: 0.6ms | Allocations: 911)


Started GET "/" for 127.0.0.1 at 2023-05-22 21:25:33 -0400
Processing by Rails::WelcomeController#index as HTML
  Rendering /home/david/.rbenv/versions/3.1.1/lib/ruby/gems/3.1.0/gems/railties-7.0.4.3/lib/rails/templates/rails/welcome/index.html.erb
  Rendered /home/david/.rbenv/versions/3.1.1/lib/ruby/gems/3.1.0/gems/railties-7.0.4.3/lib/rails/templates/rails/welcome/index.html.erb (Duration: 1.9ms | Allocations: 520)
Completed 200 OK in 17ms (Views: 9.3ms | ActiveRecord: 0.0ms | Allocations: 2724)


Started POST "/api/test" for 127.0.0.1 at 2023-05-22 21:26:06 -0400
Processing by ApplicationController#test as */*
Can't verify CSRF token authenticity.
Completed 422 Unprocessable Entity in 6ms (ActiveRecord: 0.0ms | Allocations: 728)



ActionController::InvalidAuthenticityToken - Can't verify CSRF token authenticity.:

Started POST "/api/test" for 127.0.0.1 at 2023-05-22 21:30:08 -0400
  [1m[36mActiveRecord::SchemaMigration Pluck (1.2ms)[0m  [1m[34mSELECT "schema_migrations"."version" FROM "schema_migrations" ORDER BY "schema_migrations"."version" ASC[0m
Processing by ApplicationController#test as */*
Can't verify CSRF token authenticity.
Completed 422 Unprocessable Entity in 12ms (Views: 0.8ms | ActiveRecord: 0.0ms | Allocations: 1288)


Started POST "/api/test" for 127.0.0.1 at 2023-05-22 21:32:20 -0400
  [1m[36mActiveRecord::SchemaMigration Pluck (1.2ms)[0m  [1m[34mSELECT "schema_migrations"."version" FROM "schema_migrations" ORDER BY "schema_migrations"."version" ASC[0m
Processing by ApplicationController#test as */*
Can't verify CSRF token authenticity.
Completed 422 Unprocessable Entity in 3ms (Views: 0.7ms | ActiveRecord: 0.0ms | Allocations: 963)


Started GET "/api/session" for 127.0.0.1 at 2023-05-22 21:32:34 -0400
Processing by Api::SessionsController#show as JSON
  [1m[36mUser Load (1.3ms)[0m  [1m[34mSELECT "users".* FROM "users" WHERE "users"."session_token" IS NULL LIMIT $1[0m  [["LIMIT", 1]]
  ↳ app/controllers/application_controller.rb:12:in `current_user'
Completed 200 OK in 37ms (Views: 0.7ms | ActiveRecord: 6.8ms | Allocations: 4918)


Started GET "/api/session" for 127.0.0.1 at 2023-05-22 21:33:59 -0400
  [1m[36mActiveRecord::SchemaMigration Pluck (1.1ms)[0m  [1m[34mSELECT "schema_migrations"."version" FROM "schema_migrations" ORDER BY "schema_migrations"."version" ASC[0m
Processing by Api::SessionsController#show as JSON
  Rendering api/errors/internal_server_error.json.jbuilder
  Rendered api/errors/internal_server_error.json.jbuilder (Duration: 2.0ms | Allocations: 474)

NameError - undefined local variable or method `banana' for #<Api::SessionsController:0x00000000004768>

        banana
        ^^^^^^:
	app/controllers/api/sessions_controller.rb:3:in `show'

Completed 500 Internal Server Error in 30ms (Views: 11.8ms | ActiveRecord: 0.0ms | Allocations: 6179)


  [1m[35m (1.2ms)[0m  [1m[35mCREATE DATABASE "authenticate_me_development" ENCODING = 'unicode'[0m
  [1m[35m (0.8ms)[0m  [1m[35mCREATE DATABASE "authenticate_me_test" ENCODING = 'unicode'[0m
  [1m[36mActiveRecord::SchemaMigration Pluck (2.8ms)[0m  [1m[34mSELECT "schema_migrations"."version" FROM "schema_migrations" ORDER BY "schema_migrations"."version" ASC[0m
  [1m[36mActiveRecord::InternalMetadata Pluck (1.8ms)[0m  [1m[34mSELECT "ar_internal_metadata"."value" FROM "ar_internal_metadata" WHERE "ar_internal_metadata"."key" = $1 LIMIT $2[0m  [["key", "environment"], ["LIMIT", 1]]
  [1m[36mActiveRecord::SchemaMigration Pluck (0.5ms)[0m  [1m[34mSELECT "schema_migrations"."version" FROM "schema_migrations" ORDER BY "schema_migrations"."version" ASC[0m
  [1m[36mActiveRecord::InternalMetadata Pluck (0.5ms)[0m  [1m[34mSELECT "ar_internal_metadata"."value" FROM "ar_internal_metadata" WHERE "ar_internal_metadata"."key" = $1 LIMIT $2[0m  [["key", "environment"], ["LIMIT", 1]]
  [1m[36mActiveRecord::SchemaMigration Pluck (0.4ms)[0m  [1m[34mSELECT "schema_migrations"."version" FROM "schema_migrations" ORDER BY "schema_migrations"."version" ASC[0m
  [1m[36mActiveRecord::InternalMetadata Pluck (0.4ms)[0m  [1m[34mSELECT "ar_internal_metadata"."value" FROM "ar_internal_metadata" WHERE "ar_internal_metadata"."key" = $1 LIMIT $2[0m  [["key", "environment"], ["LIMIT", 1]]
  [1m[35mSQL (2.4ms)[0m  [1m[35mCREATE EXTENSION IF NOT EXISTS "plpgsql"[0m
  [1m[35m (24.5ms)[0m  [1m[35mDROP TABLE IF EXISTS "users" CASCADE[0m
  [1m[35m (46.0ms)[0m  [1m[35mCREATE TABLE "users" ("id" bigserial primary key, "email" character varying NOT NULL, "username" character varying NOT NULL, "password_digest" character varying NOT NULL, "session_token" character varying NOT NULL, "created_at" timestamp(6) NOT NULL, "updated_at" timestamp(6) NOT NULL)[0m
  [1m[35m (8.3ms)[0m  [1m[35mCREATE UNIQUE INDEX "index_users_on_email" ON "users" ("email")[0m
  [1m[35m (8.0ms)[0m  [1m[35mCREATE UNIQUE INDEX "index_users_on_session_token" ON "users" ("session_token")[0m
  [1m[35m (9.0ms)[0m  [1m[35mCREATE UNIQUE INDEX "index_users_on_username" ON "users" ("username")[0m
  [1m[36mActiveRecord::SchemaMigration Pluck (0.7ms)[0m  [1m[34mSELECT "schema_migrations"."version" FROM "schema_migrations" ORDER BY "schema_migrations"."version" ASC[0m
  [1m[36mActiveRecord::InternalMetadata Load (0.7ms)[0m  [1m[34mSELECT "ar_internal_metadata".* FROM "ar_internal_metadata" WHERE "ar_internal_metadata"."key" = $1 LIMIT $2[0m  [["key", "environment"], ["LIMIT", 1]]
  [1m[36mActiveRecord::InternalMetadata Load (0.4ms)[0m  [1m[34mSELECT "ar_internal_metadata".* FROM "ar_internal_metadata" WHERE "ar_internal_metadata"."key" = $1 LIMIT $2[0m  [["key", "environment"], ["LIMIT", 1]]
  [1m[36mActiveRecord::InternalMetadata Load (0.4ms)[0m  [1m[34mSELECT "ar_internal_metadata".* FROM "ar_internal_metadata" WHERE "ar_internal_metadata"."key" = $1 LIMIT $2[0m  [["key", "schema_sha1"], ["LIMIT", 1]]
  [1m[36mTRANSACTION (0.4ms)[0m  [1m[35mBEGIN[0m
  [1m[36mActiveRecord::InternalMetadata Create (1.1ms)[0m  [1m[32mINSERT INTO "ar_internal_metadata" ("key", "value", "created_at", "updated_at") VALUES ($1, $2, $3, $4) RETURNING "key"[0m  [["key", "schema_sha1"], ["value", "173e507bc1a8c4d55179b424857b60fbf4c4e75c"], ["created_at", "2023-05-23 17:59:58.730128"], ["updated_at", "2023-05-23 17:59:58.730128"]]
  [1m[36mTRANSACTION (2.5ms)[0m  [1m[35mCOMMIT[0m
  [1m[35mSQL (2.0ms)[0m  [1m[35mCREATE EXTENSION IF NOT EXISTS "plpgsql"[0m
  [1m[35m (0.4ms)[0m  [1m[35mDROP TABLE IF EXISTS "users" CASCADE[0m
  [1m[35m (55.5ms)[0m  [1m[35mCREATE TABLE "users" ("id" bigserial primary key, "email" character varying NOT NULL, "username" character varying NOT NULL, "password_digest" character varying NOT NULL, "session_token" character varying NOT NULL, "created_at" timestamp(6) NOT NULL, "updated_at" timestamp(6) NOT NULL)[0m
  [1m[35m (7.9ms)[0m  [1m[35mCREATE UNIQUE INDEX "index_users_on_email" ON "users" ("email")[0m
  [1m[35m (9.3ms)[0m  [1m[35mCREATE UNIQUE INDEX "index_users_on_session_token" ON "users" ("session_token")[0m
  [1m[35m (9.5ms)[0m  [1m[35mCREATE UNIQUE INDEX "index_users_on_username" ON "users" ("username")[0m
  [1m[35m (13.2ms)[0m  [1m[35mCREATE TABLE "schema_migrations" ("version" character varying NOT NULL PRIMARY KEY)[0m
  [1m[36mActiveRecord::SchemaMigration Pluck (0.7ms)[0m  [1m[34mSELECT "schema_migrations"."version" FROM "schema_migrations" ORDER BY "schema_migrations"."version" ASC[0m
  [1m[35m (2.8ms)[0m  [1m[32mINSERT INTO "schema_migrations" (version) VALUES (20230522234426)[0m
  [1m[35m (25.2ms)[0m  [1m[35mCREATE TABLE "ar_internal_metadata" ("key" character varying NOT NULL PRIMARY KEY, "value" character varying, "created_at" timestamp(6) NOT NULL, "updated_at" timestamp(6) NOT NULL)[0m
  [1m[36mActiveRecord::InternalMetadata Load (0.5ms)[0m  [1m[34mSELECT "ar_internal_metadata".* FROM "ar_internal_metadata" WHERE "ar_internal_metadata"."key" = $1 LIMIT $2[0m  [["key", "environment"], ["LIMIT", 1]]
  [1m[36mTRANSACTION (0.3ms)[0m  [1m[35mBEGIN[0m
  [1m[36mActiveRecord::InternalMetadata Create (0.9ms)[0m  [1m[32mINSERT INTO "ar_internal_metadata" ("key", "value", "created_at", "updated_at") VALUES ($1, $2, $3, $4) RETURNING "key"[0m  [["key", "environment"], ["value", "development"], ["created_at", "2023-05-23 17:59:58.963502"], ["updated_at", "2023-05-23 17:59:58.963502"]]
  [1m[36mTRANSACTION (2.4ms)[0m  [1m[35mCOMMIT[0m
  [1m[36mActiveRecord::InternalMetadata Load (0.6ms)[0m  [1m[34mSELECT "ar_internal_metadata".* FROM "ar_internal_metadata" WHERE "ar_internal_metadata"."key" = $1 LIMIT $2[0m  [["key", "environment"], ["LIMIT", 1]]
  [1m[36mTRANSACTION (0.4ms)[0m  [1m[35mBEGIN[0m
  [1m[36mActiveRecord::InternalMetadata Update (0.7ms)[0m  [1m[33mUPDATE "ar_internal_metadata" SET "value" = $1, "updated_at" = $2 WHERE "ar_internal_metadata"."key" = $3[0m  [["value", "test"], ["updated_at", "2023-05-23 17:59:58.977439"], ["key", "environment"]]
  [1m[36mTRANSACTION (2.4ms)[0m  [1m[35mCOMMIT[0m
  [1m[36mActiveRecord::InternalMetadata Load (0.5ms)[0m  [1m[34mSELECT "ar_internal_metadata".* FROM "ar_internal_metadata" WHERE "ar_internal_metadata"."key" = $1 LIMIT $2[0m  [["key", "schema_sha1"], ["LIMIT", 1]]
  [1m[36mTRANSACTION (0.4ms)[0m  [1m[35mBEGIN[0m
  [1m[36mActiveRecord::InternalMetadata Create (0.9ms)[0m  [1m[32mINSERT INTO "ar_internal_metadata" ("key", "value", "created_at", "updated_at") VALUES ($1, $2, $3, $4) RETURNING "key"[0m  [["key", "schema_sha1"], ["value", "173e507bc1a8c4d55179b424857b60fbf4c4e75c"], ["created_at", "2023-05-23 17:59:58.990502"], ["updated_at", "2023-05-23 17:59:58.990502"]]
  [1m[36mTRANSACTION (2.7ms)[0m  [1m[35mCOMMIT[0m
  [1m[36mActiveRecord::SchemaMigration Pluck (3.1ms)[0m  [1m[34mSELECT "schema_migrations"."version" FROM "schema_migrations" ORDER BY "schema_migrations"."version" ASC[0m
  [1m[36mTRANSACTION (0.4ms)[0m  [1m[35mBEGIN[0m
  [1m[36mUser Load (1.3ms)[0m  [1m[34mSELECT "users".* FROM "users"[0m
  [1m[36mUser Exists? (0.9ms)[0m  [1m[34mSELECT 1 AS one FROM "users" WHERE "users"."session_token" = $1 LIMIT $2[0m  [["session_token", "[FILTERED]"], ["LIMIT", 1]]
  ↳ app/models/user.rb:37:in `generate_unique_session_token'
  [1m[36mUser Exists? (0.7ms)[0m  [1m[34mSELECT 1 AS one FROM "users" WHERE "users"."username" = $1 LIMIT $2[0m  [["username", "Demo-lition"], ["LIMIT", 1]]
  [1m[36mUser Exists? (0.7ms)[0m  [1m[34mSELECT 1 AS one FROM "users" WHERE "users"."email" = $1 LIMIT $2[0m  [["email", "demo@user.io"], ["LIMIT", 1]]
  [1m[36mCACHE User Exists? (0.0ms)[0m  [1m[34mSELECT 1 AS one FROM "users" WHERE "users"."session_token" = $1 LIMIT $2[0m  [["session_token", "[FILTERED]"], ["LIMIT", 1]]
  [1m[36mUser Create (1.4ms)[0m  [1m[32mINSERT INTO "users" ("email", "username", "password_digest", "session_token", "created_at", "updated_at") VALUES ($1, $2, $3, $4, $5, $6) RETURNING "id"[0m  [["email", "demo@user.io"], ["username", "Demo-lition"], ["password_digest", "[FILTERED]"], ["session_token", "[FILTERED]"], ["created_at", "2023-05-23 17:59:59.551398"], ["updated_at", "2023-05-23 17:59:59.551398"]]
  [1m[36mUser Exists? (0.6ms)[0m  [1m[34mSELECT 1 AS one FROM "users" WHERE "users"."session_token" = $1 LIMIT $2[0m  [["session_token", "[FILTERED]"], ["LIMIT", 1]]
  ↳ app/models/user.rb:37:in `generate_unique_session_token'
  [1m[36mUser Exists? (0.5ms)[0m  [1m[34mSELECT 1 AS one FROM "users" WHERE "users"."username" = $1 LIMIT $2[0m  [["username", "cecille_schumm"], ["LIMIT", 1]]
  [1m[36mUser Exists? (0.6ms)[0m  [1m[34mSELECT 1 AS one FROM "users" WHERE "users"."email" = $1 LIMIT $2[0m  [["email", "alanna@weber.test"], ["LIMIT", 1]]
  [1m[36mCACHE User Exists? (0.0ms)[0m  [1m[34mSELECT 1 AS one FROM "users" WHERE "users"."session_token" = $1 LIMIT $2[0m  [["session_token", "[FILTERED]"], ["LIMIT", 1]]
  [1m[36mUser Create (0.7ms)[0m  [1m[32mINSERT INTO "users" ("email", "username", "password_digest", "session_token", "created_at", "updated_at") VALUES ($1, $2, $3, $4, $5, $6) RETURNING "id"[0m  [["email", "alanna@weber.test"], ["username", "cecille_schumm"], ["password_digest", "[FILTERED]"], ["session_token", "[FILTERED]"], ["created_at", "2023-05-23 18:00:02.650826"], ["updated_at", "2023-05-23 18:00:02.650826"]]
  [1m[36mUser Exists? (0.6ms)[0m  [1m[34mSELECT 1 AS one FROM "users" WHERE "users"."session_token" = $1 LIMIT $2[0m  [["session_token", "[FILTERED]"], ["LIMIT", 1]]
  ↳ app/models/user.rb:37:in `generate_unique_session_token'
  [1m[36mUser Exists? (0.6ms)[0m  [1m[34mSELECT 1 AS one FROM "users" WHERE "users"."username" = $1 LIMIT $2[0m  [["username", "lindsay_rosenbaum"], ["LIMIT", 1]]
  [1m[36mUser Exists? (0.6ms)[0m  [1m[34mSELECT 1 AS one FROM "users" WHERE "users"."email" = $1 LIMIT $2[0m  [["email", "maybell.corwin@block.example"], ["LIMIT", 1]]
  [1m[36mCACHE User Exists? (0.0ms)[0m  [1m[34mSELECT 1 AS one FROM "users" WHERE "users"."session_token" = $1 LIMIT $2[0m  [["session_token", "[FILTERED]"], ["LIMIT", 1]]
  [1m[36mUser Create (0.7ms)[0m  [1m[32mINSERT INTO "users" ("email", "username", "password_digest", "session_token", "created_at", "updated_at") VALUES ($1, $2, $3, $4, $5, $6) RETURNING "id"[0m  [["email", "maybell.corwin@block.example"], ["username", "lindsay_rosenbaum"], ["password_digest", "[FILTERED]"], ["session_token", "[FILTERED]"], ["created_at", "2023-05-23 18:00:03.054771"], ["updated_at", "2023-05-23 18:00:03.054771"]]
  [1m[36mUser Exists? (0.6ms)[0m  [1m[34mSELECT 1 AS one FROM "users" WHERE "users"."session_token" = $1 LIMIT $2[0m  [["session_token", "[FILTERED]"], ["LIMIT", 1]]
  ↳ app/models/user.rb:37:in `generate_unique_session_token'
  [1m[36mUser Exists? (0.5ms)[0m  [1m[34mSELECT 1 AS one FROM "users" WHERE "users"."username" = $1 LIMIT $2[0m  [["username", "wava.jacobson"], ["LIMIT", 1]]
  [1m[36mUser Exists? (0.5ms)[0m  [1m[34mSELECT 1 AS one FROM "users" WHERE "users"."email" = $1 LIMIT $2[0m  [["email", "kandis.hoppe@zboncak.test"], ["LIMIT", 1]]
  [1m[36mCACHE User Exists? (0.0ms)[0m  [1m[34mSELECT 1 AS one FROM "users" WHERE "users"."session_token" = $1 LIMIT $2[0m  [["session_token", "[FILTERED]"], ["LIMIT", 1]]
  [1m[36mUser Create (0.7ms)[0m  [1m[32mINSERT INTO "users" ("email", "username", "password_digest", "session_token", "created_at", "updated_at") VALUES ($1, $2, $3, $4, $5, $6) RETURNING "id"[0m  [["email", "kandis.hoppe@zboncak.test"], ["username", "wava.jacobson"], ["password_digest", "[FILTERED]"], ["session_token", "[FILTERED]"], ["created_at", "2023-05-23 18:00:03.458034"], ["updated_at", "2023-05-23 18:00:03.458034"]]
  [1m[36mUser Exists? (0.7ms)[0m  [1m[34mSELECT 1 AS one FROM "users" WHERE "users"."session_token" = $1 LIMIT $2[0m  [["session_token", "[FILTERED]"], ["LIMIT", 1]]
  ↳ app/models/user.rb:37:in `generate_unique_session_token'
  [1m[36mUser Exists? (0.6ms)[0m  [1m[34mSELECT 1 AS one FROM "users" WHERE "users"."username" = $1 LIMIT $2[0m  [["username", "tambra.jacobs"], ["LIMIT", 1]]
  [1m[36mUser Exists? (0.5ms)[0m  [1m[34mSELECT 1 AS one FROM "users" WHERE "users"."email" = $1 LIMIT $2[0m  [["email", "astrid@farrell.test"], ["LIMIT", 1]]
  [1m[36mCACHE User Exists? (0.0ms)[0m  [1m[34mSELECT 1 AS one FROM "users" WHERE "users"."session_token" = $1 LIMIT $2[0m  [["session_token", "[FILTERED]"], ["LIMIT", 1]]
  [1m[36mUser Create (0.6ms)[0m  [1m[32mINSERT INTO "users" ("email", "username", "password_digest", "session_token", "created_at", "updated_at") VALUES ($1, $2, $3, $4, $5, $6) RETURNING "id"[0m  [["email", "astrid@farrell.test"], ["username", "tambra.jacobs"], ["password_digest", "[FILTERED]"], ["session_token", "[FILTERED]"], ["created_at", "2023-05-23 18:00:03.859911"], ["updated_at", "2023-05-23 18:00:03.859911"]]
  [1m[36mUser Exists? (0.6ms)[0m  [1m[34mSELECT 1 AS one FROM "users" WHERE "users"."session_token" = $1 LIMIT $2[0m  [["session_token", "[FILTERED]"], ["LIMIT", 1]]
  ↳ app/models/user.rb:37:in `generate_unique_session_token'
  [1m[36mUser Exists? (0.5ms)[0m  [1m[34mSELECT 1 AS one FROM "users" WHERE "users"."username" = $1 LIMIT $2[0m  [["username", "uteute"], ["LIMIT", 1]]
  [1m[36mUser Exists? (0.6ms)[0m  [1m[34mSELECT 1 AS one FROM "users" WHERE "users"."email" = $1 LIMIT $2[0m  [["email", "jaime@rippin-little.example"], ["LIMIT", 1]]
  [1m[36mCACHE User Exists? (0.0ms)[0m  [1m[34mSELECT 1 AS one FROM "users" WHERE "users"."session_token" = $1 LIMIT $2[0m  [["session_token", "[FILTERED]"], ["LIMIT", 1]]
  [1m[36mUser Create (0.6ms)[0m  [1m[32mINSERT INTO "users" ("email", "username", "password_digest", "session_token", "created_at", "updated_at") VALUES ($1, $2, $3, $4, $5, $6) RETURNING "id"[0m  [["email", "jaime@rippin-little.example"], ["username", "uteute"], ["password_digest", "[FILTERED]"], ["session_token", "[FILTERED]"], ["created_at", "2023-05-23 18:00:04.258231"], ["updated_at", "2023-05-23 18:00:04.258231"]]
  [1m[36mUser Exists? (0.7ms)[0m  [1m[34mSELECT 1 AS one FROM "users" WHERE "users"."session_token" = $1 LIMIT $2[0m  [["session_token", "[FILTERED]"], ["LIMIT", 1]]
  ↳ app/models/user.rb:37:in `generate_unique_session_token'
  [1m[36mUser Exists? (0.7ms)[0m  [1m[34mSELECT 1 AS one FROM "users" WHERE "users"."username" = $1 LIMIT $2[0m  [["username", "benton_hane"], ["LIMIT", 1]]
  [1m[36mUser Exists? (0.6ms)[0m  [1m[34mSELECT 1 AS one FROM "users" WHERE "users"."email" = $1 LIMIT $2[0m  [["email", "galina@cummings.test"], ["LIMIT", 1]]
  [1m[36mCACHE User Exists? (0.0ms)[0m  [1m[34mSELECT 1 AS one FROM "users" WHERE "users"."session_token" = $1 LIMIT $2[0m  [["session_token", "[FILTERED]"], ["LIMIT", 1]]
  [1m[36mUser Create (0.6ms)[0m  [1m[32mINSERT INTO "users" ("email", "username", "password_digest", "session_token", "created_at", "updated_at") VALUES ($1, $2, $3, $4, $5, $6) RETURNING "id"[0m  [["email", "galina@cummings.test"], ["username", "benton_hane"], ["password_digest", "[FILTERED]"], ["session_token", "[FILTERED]"], ["created_at", "2023-05-23 18:00:04.661456"], ["updated_at", "2023-05-23 18:00:04.661456"]]
  [1m[36mUser Exists? (0.7ms)[0m  [1m[34mSELECT 1 AS one FROM "users" WHERE "users"."session_token" = $1 LIMIT $2[0m  [["session_token", "[FILTERED]"], ["LIMIT", 1]]
  ↳ app/models/user.rb:37:in `generate_unique_session_token'
  [1m[36mUser Exists? (0.6ms)[0m  [1m[34mSELECT 1 AS one FROM "users" WHERE "users"."username" = $1 LIMIT $2[0m  [["username", "herb"], ["LIMIT", 1]]
  [1m[36mUser Exists? (0.7ms)[0m  [1m[34mSELECT 1 AS one FROM "users" WHERE "users"."email" = $1 LIMIT $2[0m  [["email", "mitchell_marks@hegmann-lakin.example"], ["LIMIT", 1]]
  [1m[36mCACHE User Exists? (0.0ms)[0m  [1m[34mSELECT 1 AS one FROM "users" WHERE "users"."session_token" = $1 LIMIT $2[0m  [["session_token", "[FILTERED]"], ["LIMIT", 1]]
  [1m[36mUser Create (0.6ms)[0m  [1m[32mINSERT INTO "users" ("email", "username", "password_digest", "session_token", "created_at", "updated_at") VALUES ($1, $2, $3, $4, $5, $6) RETURNING "id"[0m  [["email", "mitchell_marks@hegmann-lakin.example"], ["username", "herb"], ["password_digest", "[FILTERED]"], ["session_token", "[FILTERED]"], ["created_at", "2023-05-23 18:00:05.067766"], ["updated_at", "2023-05-23 18:00:05.067766"]]
  [1m[36mUser Exists? (0.7ms)[0m  [1m[34mSELECT 1 AS one FROM "users" WHERE "users"."session_token" = $1 LIMIT $2[0m  [["session_token", "[FILTERED]"], ["LIMIT", 1]]
  ↳ app/models/user.rb:37:in `generate_unique_session_token'
  [1m[36mUser Exists? (0.5ms)[0m  [1m[34mSELECT 1 AS one FROM "users" WHERE "users"."username" = $1 LIMIT $2[0m  [["username", "luanna"], ["LIMIT", 1]]
  [1m[36mUser Exists? (0.5ms)[0m  [1m[34mSELECT 1 AS one FROM "users" WHERE "users"."email" = $1 LIMIT $2[0m  [["email", "mari@champlin-skiles.test"], ["LIMIT", 1]]
  [1m[36mCACHE User Exists? (0.0ms)[0m  [1m[34mSELECT 1 AS one FROM "users" WHERE "users"."session_token" = $1 LIMIT $2[0m  [["session_token", "[FILTERED]"], ["LIMIT", 1]]
  [1m[36mUser Create (0.6ms)[0m  [1m[32mINSERT INTO "users" ("email", "username", "password_digest", "session_token", "created_at", "updated_at") VALUES ($1, $2, $3, $4, $5, $6) RETURNING "id"[0m  [["email", "mari@champlin-skiles.test"], ["username", "luanna"], ["password_digest", "[FILTERED]"], ["session_token", "[FILTERED]"], ["created_at", "2023-05-23 18:00:05.465642"], ["updated_at", "2023-05-23 18:00:05.465642"]]
  [1m[36mUser Exists? (0.6ms)[0m  [1m[34mSELECT 1 AS one FROM "users" WHERE "users"."session_token" = $1 LIMIT $2[0m  [["session_token", "[FILTERED]"], ["LIMIT", 1]]
  ↳ app/models/user.rb:37:in `generate_unique_session_token'
  [1m[36mUser Exists? (0.5ms)[0m  [1m[34mSELECT 1 AS one FROM "users" WHERE "users"."username" = $1 LIMIT $2[0m  [["username", "tracey.jacobi"], ["LIMIT", 1]]
  [1m[36mUser Exists? (0.5ms)[0m  [1m[34mSELECT 1 AS one FROM "users" WHERE "users"."email" = $1 LIMIT $2[0m  [["email", "cira@upton-parker.example"], ["LIMIT", 1]]
  [1m[36mCACHE User Exists? (0.0ms)[0m  [1m[34mSELECT 1 AS one FROM "users" WHERE "users"."session_token" = $1 LIMIT $2[0m  [["session_token", "[FILTERED]"], ["LIMIT", 1]]
  [1m[36mUser Create (0.5ms)[0m  [1m[32mINSERT INTO "users" ("email", "username", "password_digest", "session_token", "created_at", "updated_at") VALUES ($1, $2, $3, $4, $5, $6) RETURNING "id"[0m  [["email", "cira@upton-parker.example"], ["username", "tracey.jacobi"], ["password_digest", "[FILTERED]"], ["session_token", "[FILTERED]"], ["created_at", "2023-05-23 18:00:05.867257"], ["updated_at", "2023-05-23 18:00:05.867257"]]
  [1m[36mUser Exists? (0.6ms)[0m  [1m[34mSELECT 1 AS one FROM "users" WHERE "users"."session_token" = $1 LIMIT $2[0m  [["session_token", "[FILTERED]"], ["LIMIT", 1]]
  ↳ app/models/user.rb:37:in `generate_unique_session_token'
  [1m[36mUser Exists? (0.6ms)[0m  [1m[34mSELECT 1 AS one FROM "users" WHERE "users"."username" = $1 LIMIT $2[0m  [["username", "glinda"], ["LIMIT", 1]]
  [1m[36mUser Exists? (0.5ms)[0m  [1m[34mSELECT 1 AS one FROM "users" WHERE "users"."email" = $1 LIMIT $2[0m  [["email", "carmine_schiller@zboncak.example"], ["LIMIT", 1]]
  [1m[36mCACHE User Exists? (0.0ms)[0m  [1m[34mSELECT 1 AS one FROM "users" WHERE "users"."session_token" = $1 LIMIT $2[0m  [["session_token", "[FILTERED]"], ["LIMIT", 1]]
  [1m[36mUser Create (0.6ms)[0m  [1m[32mINSERT INTO "users" ("email", "username", "password_digest", "session_token", "created_at", "updated_at") VALUES ($1, $2, $3, $4, $5, $6) RETURNING "id"[0m  [["email", "carmine_schiller@zboncak.example"], ["username", "glinda"], ["password_digest", "[FILTERED]"], ["session_token", "[FILTERED]"], ["created_at", "2023-05-23 18:00:06.270249"], ["updated_at", "2023-05-23 18:00:06.270249"]]
  [1m[36mTRANSACTION (11.5ms)[0m  [1m[35mCOMMIT[0m
